# JRE version: OpenJDK Runtime Environment (8.0_242-b01) (build 1.8.0_242-release-1644-b01)
# Java VM: OpenJDK 64-Bit Server VM (25.242-b01 mixed mode windows-amd64 compressed oops)
Heap:
 PSYoungGen      total 587264K, used 496975K [0x00000000d5580000, 0x00000000ff880000, 0x0000000100000000)
  eden space 491520K, 100% used [0x00000000d5580000,0x00000000f3580000,0x00000000f3580000)
  from space 95744K, 5% used [0x00000000f3580000,0x00000000f3ad3fb0,0x00000000f9300000)
  to   space 94720K, 0% used [0x00000000f9c00000,0x00000000f9c88010,0x00000000ff880000)
 ParOldGen       total 567808K, used 482045K [0x0000000080000000, 0x00000000a2a80000, 0x00000000d5580000)
  object space 567808K, 84% used [0x0000000080000000,0x000000009d6bf480,0x00000000a2a80000)
 Metaspace       used 161610K, capacity 171590K, committed 171800K, reserved 1200128K
  class space    used 20070K, capacity 21786K, committed 21800K, reserved 1048576K
GC Heap History (10 events):
Event: 6630.344 GC heap after
Heap after GC invocations=99 (full 10):
 PSYoungGen      total 576512K, used 62185K [0x00000000d5580000, 0x00000000fff80000, 0x0000000100000000)
  eden space 471552K, 0% used [0x00000000d5580000,0x00000000d5580000,0x00000000f2200000)
  from space 104960K, 59% used [0x00000000f2200000,0x00000000f5eba668,0x00000000f8880000)
  to   space 107008K, 0% used [0x00000000f9700000,0x00000000f9700000,0x00000000fff80000)
 ParOldGen       total 567808K, used 425822K [0x0000000080000000, 0x00000000a2a80000, 0x00000000d5580000)
  object space 567808K, 74% used [0x0000000080000000,0x0000000099fd7ab0,0x00000000a2a80000)
 Metaspace       used 161294K, capacity 171200K, committed 171288K, reserved 1198080K
  class space    used 20042K, capacity 21753K, committed 21800K, reserved 1048576K
}
Event: 6631.700 GC heap before
{Heap before GC invocations=100 (full 10):
 PSYoungGen      total 576512K, used 533737K [0x00000000d5580000, 0x00000000fff80000, 0x0000000100000000)
  eden space 471552K, 100% used [0x00000000d5580000,0x00000000f2200000,0x00000000f2200000)
  from space 104960K, 59% used [0x00000000f2200000,0x00000000f5eba668,0x00000000f8880000)
  to   space 107008K, 0% used [0x00000000f9700000,0x00000000f9700000,0x00000000fff80000)
 ParOldGen       total 567808K, used 425822K [0x0000000080000000, 0x00000000a2a80000, 0x00000000d5580000)
  object space 567808K, 74% used [0x0000000080000000,0x0000000099fd7ab0,0x00000000a2a80000)
 Metaspace       used 161490K, capacity 171462K, committed 171544K, reserved 1200128K
  class space    used 20060K, capacity 21770K, committed 21800K, reserved 1048576K
Event: 6631.937 GC heap after
Heap after GC invocations=100 (full 10):
 PSYoungGen      total 592384K, used 7103K [0x00000000d5580000, 0x0000000100000000, 0x0000000100000000)
  eden space 485376K, 0% used [0x00000000d5580000,0x00000000d5580000,0x00000000f2f80000)
  from space 107008K, 6% used [0x00000000f9700000,0x00000000f9defc50,0x00000000fff80000)
  to   space 105984K, 0% used [0x00000000f2f80000,0x00000000f2f80000,0x00000000f9700000)
 ParOldGen       total 567808K, used 435463K [0x0000000080000000, 0x00000000a2a80000, 0x00000000d5580000)
  object space 567808K, 76% used [0x0000000080000000,0x000000009a941e40,0x00000000a2a80000)
 Metaspace       used 161490K, capacity 171462K, committed 171544K, reserved 1200128K
  class space    used 20060K, capacity 21770K, committed 21800K, reserved 1048576K
}
Event: 6635.123 GC heap before
{Heap before GC invocations=101 (full 10):
 PSYoungGen      total 592384K, used 492479K [0x00000000d5580000, 0x0000000100000000, 0x0000000100000000)
  eden space 485376K, 100% used [0x00000000d5580000,0x00000000f2f80000,0x00000000f2f80000)
  from space 107008K, 6% used [0x00000000f9700000,0x00000000f9defc50,0x00000000fff80000)
  to   space 105984K, 0% used [0x00000000f2f80000,0x00000000f2f80000,0x00000000f9700000)
 ParOldGen       total 567808K, used 435463K [0x0000000080000000, 0x00000000a2a80000, 0x00000000d5580000)
  object space 567808K, 76% used [0x0000000080000000,0x000000009a941e40,0x00000000a2a80000)
 Metaspace       used 161563K, capacity 171510K, committed 171544K, reserved 1200128K
  class space    used 20066K, capacity 21780K, committed 21800K, reserved 1048576K
Event: 6635.200 GC heap after
Heap after GC invocations=101 (full 10):
 PSYoungGen      total 510464K, used 24671K [0x00000000d5580000, 0x00000000ff600000, 0x0000000100000000)
  eden space 485376K, 0% used [0x00000000d5580000,0x00000000d5580000,0x00000000f2f80000)
  from space 25088K, 98% used [0x00000000f2f80000,0x00000000f4797e38,0x00000000f4800000)
  to   space 101376K, 0% used [0x00000000f9300000,0x00000000f9300000,0x00000000ff600000)
 ParOldGen       total 567808K, used 435587K [0x0000000080000000, 0x00000000a2a80000, 0x00000000d5580000)
  object space 567808K, 76% used [0x0000000080000000,0x000000009a960e50,0x00000000a2a80000)
 Metaspace       used 161563K, capacity 171510K, committed 171544K, reserved 1200128K
  class space    used 20066K, capacity 21780K, committed 21800K, reserved 1048576K
}
Event: 6635.757 GC heap before
{Heap before GC invocations=102 (full 10):
 PSYoungGen      total 510464K, used 510047K [0x00000000d5580000, 0x00000000ff600000, 0x0000000100000000)
  eden space 485376K, 100% used [0x00000000d5580000,0x00000000f2f80000,0x00000000f2f80000)
  from space 25088K, 98% used [0x00000000f2f80000,0x00000000f4797e38,0x00000000f4800000)
  to   space 101376K, 0% used [0x00000000f9300000,0x00000000f9300000,0x00000000ff600000)
 ParOldGen       total 567808K, used 435587K [0x0000000080000000, 0x00000000a2a80000, 0x00000000d5580000)
  object space 567808K, 76% used [0x0000000080000000,0x000000009a960e50,0x00000000a2a80000)
 Metaspace       used 161584K, capacity 171518K, committed 171544K, reserved 1200128K
  class space    used 20068K, capacity 21782K, committed 21800K, reserved 1048576K
Event: 6636.218 GC heap after
Heap after GC invocations=102 (full 10):
 PSYoungGen      total 592896K, used 30424K [0x00000000d5580000, 0x0000000100000000, 0x0000000100000000)
  eden space 491520K, 0% used [0x00000000d5580000,0x00000000d5580000,0x00000000f3580000)
  from space 101376K, 30% used [0x00000000f9300000,0x00000000fb0b61b0,0x00000000ff600000)
  to   space 95744K, 0% used [0x00000000f3580000,0x00000000f3580000,0x00000000f9300000)
 ParOldGen       total 567808K, used 455911K [0x0000000080000000, 0x00000000a2a80000, 0x00000000d5580000)
  object space 567808K, 80% used [0x0000000080000000,0x000000009bd39e08,0x00000000a2a80000)
 Metaspace       used 161584K, capacity 171518K, committed 171544K, reserved 1200128K
  class space    used 20068K, capacity 21782K, committed 21800K, reserved 1048576K
}
Event: 6636.755 GC heap before
{Heap before GC invocations=103 (full 10):
 PSYoungGen      total 592896K, used 521944K [0x00000000d5580000, 0x0000000100000000, 0x0000000100000000)
  eden space 491520K, 100% used [0x00000000d5580000,0x00000000f3580000,0x00000000f3580000)
  from space 101376K, 30% used [0x00000000f9300000,0x00000000fb0b61b0,0x00000000ff600000)
  to   space 95744K, 0% used [0x00000000f3580000,0x00000000f3580000,0x00000000f9300000)
 ParOldGen       total 567808K, used 455911K [0x0000000080000000, 0x00000000a2a80000, 0x00000000d5580000)
  object space 567808K, 80% used [0x0000000080000000,0x000000009bd39e08,0x00000000a2a80000)
 Metaspace       used 161598K, capacity 171588K, committed 171800K, reserved 1200128K
  class space    used 20070K, capacity 21785K, committed 21800K, reserved 1048576K
Event: 6637.854 GC heap after
Heap after GC invocations=103 (full 10):
 PSYoungGen      total 587264K, used 5455K [0x00000000d5580000, 0x00000000ff880000, 0x0000000100000000)
  eden space 491520K, 0% used [0x00000000d5580000,0x00000000d5580000,0x00000000f3580000)
  from space 95744K, 5% used [0x00000000f3580000,0x00000000f3ad3fb0,0x00000000f9300000)
  to   space 94720K, 0% used [0x00000000f9c00000,0x00000000f9c00000,0x00000000ff880000)
 ParOldGen       total 567808K, used 481573K [0x0000000080000000, 0x00000000a2a80000, 0x00000000d5580000)
  object space 567808K, 84% used [0x0000000080000000,0x000000009d649480,0x00000000a2a80000)
 Metaspace       used 161598K, capacity 171588K, committed 171800K, reserved 1200128K
  class space    used 20070K, capacity 21785K, committed 21800K, reserved 1048576K
}
Event: 6638.501 GC heap before
{Heap before GC invocations=104 (full 10):
 PSYoungGen      total 587264K, used 496975K [0x00000000d5580000, 0x00000000ff880000, 0x0000000100000000)
  eden space 491520K, 100% used [0x00000000d5580000,0x00000000f3580000,0x00000000f3580000)
  from space 95744K, 5% used [0x00000000f3580000,0x00000000f3ad3fb0,0x00000000f9300000)
  to   space 94720K, 0% used [0x00000000f9c00000,0x00000000f9c00000,0x00000000ff880000)
 ParOldGen       total 567808K, used 481573K [0x0000000080000000, 0x00000000a2a80000, 0x00000000d5580000)
  object space 567808K, 84% used [0x0000000080000000,0x000000009d649480,0x00000000a2a80000)
 Metaspace       used 161610K, capacity 171590K, committed 171800K, reserved 1200128K
  class space    used 20070K, capacity 21786K, committed 21800K, reserved 1048576K

