# JRE version: OpenJDK Runtime Environment (8.0_242-b01) (build 1.8.0_242-release-1644-b01)
# Java VM: OpenJDK 64-Bit Server VM (25.242-b01 mixed mode windows-amd64 compressed oops)
Heap:
 PSYoungGen      total 565760K, used 209633K [0x00000000d5580000, 0x00000000ffa80000, 0x0000000100000000)
  eden space 442368K, 42% used [0x00000000d5580000,0x00000000e0afa650,0x00000000f0580000)
  from space 123392K, 19% used [0x00000000f0580000,0x00000000f1cbe120,0x00000000f7e00000)
  to   space 117760K, 0% used [0x00000000f8780000,0x00000000f8780000,0x00000000ffa80000)
 ParOldGen       total 496128K, used 380149K [0x0000000080000000, 0x000000009e480000, 0x00000000d5580000)
  object space 496128K, 76% used [0x0000000080000000,0x000000009733d4a8,0x000000009e480000)
 Metaspace       used 116997K, capacity 126048K, committed 126872K, reserved 1159168K
  class space    used 14679K, capacity 16338K, committed 16536K, reserved 1048576K
GC Heap History (10 events):
Event: 8880.953 GC heap before
{Heap before GC invocations=127 (full 8):
 PSYoungGen      total 542720K, used 457763K [0x00000000d5580000, 0x00000000ff200000, 0x0000000100000000)
  eden space 415232K, 100% used [0x00000000d5580000,0x00000000eeb00000,0x00000000eeb00000)
  from space 127488K, 33% used [0x00000000f7580000,0x00000000f9f08c78,0x00000000ff200000)
  to   space 134656K, 0% used [0x00000000eeb00000,0x00000000eeb00000,0x00000000f6e80000)
 ParOldGen       total 496128K, used 376706K [0x0000000080000000, 0x000000009e480000, 0x00000000d5580000)
  object space 496128K, 75% used [0x0000000080000000,0x0000000096fe0930,0x000000009e480000)
 Metaspace       used 114403K, capacity 122946K, committed 124184K, reserved 1157120K
  class space    used 14402K, capacity 15915K, committed 16152K, reserved 1048576K
Event: 8881.297 GC heap after
Heap after GC invocations=127 (full 8):
 PSYoungGen      total 549888K, used 15910K [0x00000000d5580000, 0x00000000fff80000, 0x0000000100000000)
  eden space 415232K, 0% used [0x00000000d5580000,0x00000000d5580000,0x00000000eeb00000)
  from space 134656K, 11% used [0x00000000eeb00000,0x00000000efa89958,0x00000000f6e80000)
  to   space 132608K, 0% used [0x00000000f7e00000,0x00000000f7e00000,0x00000000fff80000)
 ParOldGen       total 496128K, used 376762K [0x0000000080000000, 0x000000009e480000, 0x00000000d5580000)
  object space 496128K, 75% used [0x0000000080000000,0x0000000096fee930,0x000000009e480000)
 Metaspace       used 114403K, capacity 122946K, committed 124184K, reserved 1157120K
  class space    used 14402K, capacity 15915K, committed 16152K, reserved 1048576K
}
Event: 8888.711 GC heap before
{Heap before GC invocations=128 (full 8):
 PSYoungGen      total 549888K, used 431142K [0x00000000d5580000, 0x00000000fff80000, 0x0000000100000000)
  eden space 415232K, 100% used [0x00000000d5580000,0x00000000eeb00000,0x00000000eeb00000)
  from space 134656K, 11% used [0x00000000eeb00000,0x00000000efa89958,0x00000000f6e80000)
  to   space 132608K, 0% used [0x00000000f7e00000,0x00000000f7e00000,0x00000000fff80000)
 ParOldGen       total 496128K, used 376762K [0x0000000080000000, 0x000000009e480000, 0x00000000d5580000)
  object space 496128K, 75% used [0x0000000080000000,0x0000000096fee930,0x000000009e480000)
 Metaspace       used 114667K, capacity 123250K, committed 124568K, reserved 1157120K
  class space    used 14424K, capacity 15955K, committed 16280K, reserved 1048576K
Event: 8889.166 GC heap after
Heap after GC invocations=128 (full 8):
 PSYoungGen      total 556544K, used 20404K [0x00000000d5580000, 0x00000000ff800000, 0x0000000100000000)
  eden space 431616K, 0% used [0x00000000d5580000,0x00000000d5580000,0x00000000efb00000)
  from space 124928K, 16% used [0x00000000f7e00000,0x00000000f91ed2a0,0x00000000ff800000)
  to   space 129536K, 0% used [0x00000000efb00000,0x00000000efb00000,0x00000000f7980000)
 ParOldGen       total 496128K, used 379925K [0x0000000080000000, 0x000000009e480000, 0x00000000d5580000)
  object space 496128K, 76% used [0x0000000080000000,0x00000000973054a8,0x000000009e480000)
 Metaspace       used 114667K, capacity 123250K, committed 124568K, reserved 1157120K
  class space    used 14424K, capacity 15955K, committed 16280K, reserved 1048576K
}
Event: 8939.243 GC heap before
{Heap before GC invocations=129 (full 8):
 PSYoungGen      total 556544K, used 452020K [0x00000000d5580000, 0x00000000ff800000, 0x0000000100000000)
  eden space 431616K, 100% used [0x00000000d5580000,0x00000000efb00000,0x00000000efb00000)
  from space 124928K, 16% used [0x00000000f7e00000,0x00000000f91ed2a0,0x00000000ff800000)
  to   space 129536K, 0% used [0x00000000efb00000,0x00000000efb00000,0x00000000f7980000)
 ParOldGen       total 496128K, used 379925K [0x0000000080000000, 0x000000009e480000, 0x00000000d5580000)
  object space 496128K, 76% used [0x0000000080000000,0x00000000973054a8,0x000000009e480000)
 Metaspace       used 115028K, capacity 123818K, committed 124824K, reserved 1157120K
  class space    used 14471K, capacity 16029K, committed 16280K, reserved 1048576K
Event: 8940.086 GC heap after
Heap after GC invocations=129 (full 8):
 PSYoungGen      total 561152K, used 12698K [0x00000000d5580000, 0x00000000fff80000, 0x0000000100000000)
  eden space 431616K, 0% used [0x00000000d5580000,0x00000000d5580000,0x00000000efb00000)
  from space 129536K, 9% used [0x00000000efb00000,0x00000000f0766930,0x00000000f7980000)
  to   space 126976K, 0% used [0x00000000f8380000,0x00000000f8380000,0x00000000fff80000)
 ParOldGen       total 496128K, used 380021K [0x0000000080000000, 0x000000009e480000, 0x00000000d5580000)
  object space 496128K, 76% used [0x0000000080000000,0x000000009731d4a8,0x000000009e480000)
 Metaspace       used 115028K, capacity 123818K, committed 124824K, reserved 1157120K
  class space    used 14471K, capacity 16029K, committed 16280K, reserved 1048576K
}
Event: 8955.668 GC heap before
{Heap before GC invocations=130 (full 8):
 PSYoungGen      total 561152K, used 444314K [0x00000000d5580000, 0x00000000fff80000, 0x0000000100000000)
  eden space 431616K, 100% used [0x00000000d5580000,0x00000000efb00000,0x00000000efb00000)
  from space 129536K, 9% used [0x00000000efb00000,0x00000000f0766930,0x00000000f7980000)
  to   space 126976K, 0% used [0x00000000f8380000,0x00000000f8380000,0x00000000fff80000)
 ParOldGen       total 496128K, used 380021K [0x0000000080000000, 0x000000009e480000, 0x00000000d5580000)
  object space 496128K, 76% used [0x0000000080000000,0x000000009731d4a8,0x000000009e480000)
 Metaspace       used 115830K, capacity 124678K, committed 125336K, reserved 1159168K
  class space    used 14549K, capacity 16149K, committed 16280K, reserved 1048576K
Event: 8955.804 GC heap after
Heap after GC invocations=130 (full 8):
 PSYoungGen      total 560128K, used 15250K [0x00000000d5580000, 0x00000000ff680000, 0x0000000100000000)
  eden space 442368K, 0% used [0x00000000d5580000,0x00000000d5580000,0x00000000f0580000)
  from space 117760K, 12% used [0x00000000f8380000,0x00000000f9264ae8,0x00000000ff680000)
  to   space 123392K, 0% used [0x00000000f0580000,0x00000000f0580000,0x00000000f7e00000)
 ParOldGen       total 496128K, used 380093K [0x0000000080000000, 0x000000009e480000, 0x00000000d5580000)
  object space 496128K, 76% used [0x0000000080000000,0x000000009732f4a8,0x000000009e480000)
 Metaspace       used 115830K, capacity 124678K, committed 125336K, reserved 1159168K
  class space    used 14549K, capacity 16149K, committed 16280K, reserved 1048576K
}
Event: 8966.135 GC heap before
{Heap before GC invocations=131 (full 8):
 PSYoungGen      total 560128K, used 457618K [0x00000000d5580000, 0x00000000ff680000, 0x0000000100000000)
  eden space 442368K, 100% used [0x00000000d5580000,0x00000000f0580000,0x00000000f0580000)
  from space 117760K, 12% used [0x00000000f8380000,0x00000000f9264ae8,0x00000000ff680000)
  to   space 123392K, 0% used [0x00000000f0580000,0x00000000f0580000,0x00000000f7e00000)
 ParOldGen       total 496128K, used 380093K [0x0000000080000000, 0x000000009e480000, 0x00000000d5580000)
  object space 496128K, 76% used [0x0000000080000000,0x000000009732f4a8,0x000000009e480000)
 Metaspace       used 116798K, capacity 125790K, committed 126488K, reserved 1159168K
  class space    used 14655K, capacity 16299K, committed 16408K, reserved 1048576K
Event: 8967.107 GC heap after
Heap after GC invocations=131 (full 8):
 PSYoungGen      total 565760K, used 23800K [0x00000000d5580000, 0x00000000ffa80000, 0x0000000100000000)
  eden space 442368K, 0% used [0x00000000d5580000,0x00000000d5580000,0x00000000f0580000)
  from space 123392K, 19% used [0x00000000f0580000,0x00000000f1cbe120,0x00000000f7e00000)
  to   space 117760K, 0% used [0x00000000f8780000,0x00000000f8780000,0x00000000ffa80000)
 ParOldGen       total 496128K, used 380149K [0x0000000080000000, 0x000000009e480000, 0x00000000d5580000)
  object space 496128K, 76% used [0x0000000080000000,0x000000009733d4a8,0x000000009e480000)
 Metaspace       used 116798K, capacity 125790K, committed 126488K, reserved 1159168K
  class space    used 14655K, capacity 16299K, committed 16408K, reserved 1048576K
}

